#
# A fatal error has been detected by the Java Runtime Environment:
#
#  EXCEPTION_ACCESS_VIOLATION (0xc0000005) at pc=0x00007ffd8c66ce60, pid=15084, tid=9004
#
# JRE version: Java(TM) SE Runtime Environment (8.0_51-b16) (build 1.8.0_51-b16)
# Java VM: Java HotSpot(TM) 64-Bit Server VM (25.51-b03 mixed mode windows-amd64 compressed oops)
# Problematic frame:
# C  [atio6axx.dll+0xbfce60]
#
# Failed to write core dump. Minidumps are not enabled by default on client versions of Windows
#
# If you would like to submit a bug report, please visit:
#   http://bugreport.java.com/bugreport/crash.jsp
# The crash happened outside the Java Virtual Machine in native code.
# See problematic frame for where to report the bug.
#

---------------  T H R E A D  ---------------

Current thread (0x0000000002884800):  JavaThread "Render thread" [_thread_in_native, id=9004, stack(0x00000000026b0000,0x00000000027b0000)]

siginfo: ExceptionCode=0xc0000005, reading address 0x0000000030ab1000

Registers:
RAX=0x00000000000003ff, RBX=0x0000000030ab0c00, RCX=0xffffffffffffffff, RDX=0x000000006ae41830
RSP=0x00000000027acec0, RBP=0x00000000027acfc0, RSI=0x0000000000000000, RDI=0x0000000000000010
R8 =0x0000000000000014, R9 =0x000000000000001d, R10=0x0000000000000000, R11=0x3bf7c000000005fc
R12=0x0000000000000000, R13=0x0000000000000000, R14=0x0000000000000000, R15=0x0000000000000000
RIP=0x00007ffd8c66ce60, EFLAGS=0x0000000000010206

Top of Stack: (sp=0x00000000027acec0)
0x00000000027acec0:   000000006affc240 0000000000000072
0x00000000027aced0:   0000000000000072 0000000000000072
0x00000000027acee0:   0000000000000000 00007ffdfd35b86b
0x00000000027acef0:   0000000000040101 0000000000000400
0x00000000027acf00:   00000000000000b2 0000000000000110
0x00000000027acf10:   000000006affc200 0000000000000000
0x00000000027acf20:   0000000000000000 00000000000000b9
0x00000000027acf30:   00000000000000b2 0000000000000000
0x00000000027acf40:   0000000000000000 0000000000000000
0x00000000027acf50:   0000000000000000 0000000000000000
0x00000000027acf60:   0000000000000000 0000000000000000
0x00000000027acf70:   0000000000000000 0000000002000002
0x00000000027acf80:   0000000000000072 0000000000c30cc0
0x00000000027acf90:   0000000000000000 00000000000000b2
0x00000000027acfa0:   0000000000000000 0000000000c30000
0x00000000027acfb0:   000000006ae41830 0000000000000001 

Instructions: (pc=0x00007ffd8c66ce60)
0x00007ffd8c66ce40:   4c 8b 7d 88 4a 8b 1c f3 33 f6 48 89 75 98 48 89
0x00007ffd8c66ce50:   75 a0 48 89 74 24 78 48 85 db 74 4d 48 8b c1 90
0x00007ffd8c66ce60:   40 38 74 03 01 48 8d 40 01 75 f5 48 8d 78 01 48
0x00007ffd8c66ce70:   89 7d a0 48 85 ff 74 1c 48 8d 77 0f 48 83 e6 f0 


Register to memory mapping:

RAX=0x00000000000003ff is an unknown value
RBX=0x0000000030ab0c00 is an unknown value
RCX=0xffffffffffffffff is an unknown value
RDX=0x000000006ae41830 is an unknown value
RSP=0x00000000027acec0 is pointing into the stack for thread: 0x0000000002884800
RBP=0x00000000027acfc0 is pointing into the stack for thread: 0x0000000002884800
RSI=0x0000000000000000 is an unknown value
RDI=0x0000000000000010 is an unknown value
R8 =0x0000000000000014 is an unknown value
R9 =0x000000000000001d is an unknown value
R10=0x0000000000000000 is an unknown value
R11=0x3bf7c000000005fc is an unknown value
R12=0x0000000000000000 is an unknown value
R13=0x0000000000000000 is an unknown value
R14=0x0000000000000000 is an unknown value
R15=0x0000000000000000 is an unknown value


Stack: [0x00000000026b0000,0x00000000027b0000],  sp=0x00000000027acec0,  free space=1011k
Native frames: (J=compiled Java code, j=interpreted, Vv=VM code, C=native code)
C  [atio6axx.dll+0xbfce60]
C  [atio6axx.dll+0xbf9753]
C  [atio6axx.dll+0xe0d9a7]
C  0x0000000002995e34

Java frames: (J=compiled Java code, j=interpreted, Vv=VM code)
j  org.lwjgl.opengl.GL20C.nglShaderSource(IIJJ)V+0
j  org.lwjgl.opengl.GL20C.glShaderSource(ILjava/lang/CharSequence;)V+38
j  org.lwjgl.opengl.GL20.glShaderSource(ILjava/lang/CharSequence;)V+2
j  com.mojang.blaze3d.platform.GlStateManager.func_227654_a_(ILjava/lang/CharSequence;)V+10
j  net.minecraft.client.shader.ShaderLoader.func_216534_a(Lnet/minecraft/client/shader/ShaderLoader$ShaderType;Ljava/lang/String;Ljava/io/InputStream;Ljava/lang/String;)Lnet/minecraft/client/shader/ShaderLoader;+62
j  net.minecraft.client.shader.ShaderInstance.func_216542_a(Lnet/minecraft/resources/IResourceManager;Lnet/minecraft/client/shader/ShaderLoader$ShaderType;Ljava/lang/String;)Lnet/minecraft/client/shader/ShaderLoader;+94
j  net.minecraft.client.shader.ShaderInstance.<init>(Lnet/minecraft/resources/IResourceManager;Ljava/lang/String;)V+556
j  net.minecraft.client.shader.Shader.<init>(Lnet/minecraft/resources/IResourceManager;Ljava/lang/String;Lnet/minecraft/client/shader/Framebuffer;Lnet/minecraft/client/shader/Framebuffer;)V+39
j  net.minecraft.client.shader.ShaderGroup.func_148023_a(Ljava/lang/String;Lnet/minecraft/client/shader/Framebuffer;Lnet/minecraft/client/shader/Framebuffer;)Lnet/minecraft/client/shader/Shader;+11
j  net.minecraft.client.shader.ShaderGroup.func_152764_a(Lnet/minecraft/client/renderer/texture/TextureManager;Lcom/google/gson/JsonElement;)V+138
j  net.minecraft.client.shader.ShaderGroup.func_152765_a(Lnet/minecraft/client/renderer/texture/TextureManager;Lnet/minecraft/util/ResourceLocation;)V+197
j  net.minecraft.client.shader.ShaderGroup.<init>(Lnet/minecraft/client/renderer/texture/TextureManager;Lnet/minecraft/resources/IResourceManager;Lnet/minecraft/client/shader/Framebuffer;Lnet/minecraft/util/ResourceLocation;)V+78
j  team.creative.enhancedvisuals.client.render.EnhancedShaderGroup.<init>(Lnet/minecraft/client/renderer/texture/TextureManager;Lnet/minecraft/resources/IResourceManager;Lnet/minecraft/client/shader/Framebuffer;Lnet/minecraft/util/ResourceLocation;)V+6
j  team.creative.enhancedvisuals.api.type.VisualTypeShader.loadResources(Lnet/minecraft/resources/IResourceManager;)V+46
j  team.creative.enhancedvisuals.api.type.VisualTypeShader.render(Lteam/creative/enhancedvisuals/api/VisualHandler;Lteam/creative/enhancedvisuals/api/Visual;Lnet/minecraft/client/renderer/texture/TextureManager;IIF)V+14
j  team.creative.enhancedvisuals.api.Visual.render(Lnet/minecraft/client/renderer/texture/TextureManager;IIF)V+14
J 21717 C1 team.creative.enhancedvisuals.client.render.EVRenderer.renderVisuals(Ljava/util/Collection;Lnet/minecraft/client/renderer/texture/TextureManager;IIF)V (82 bytes) @ 0x00000000056b0994 [0x00000000056af9e0+0xfb4]
J 22034 C1 team.creative.enhancedvisuals.client.render.EVRenderer.render(Lnet/minecraftforge/event/TickEvent$RenderTickEvent;)V (528 bytes) @ 0x0000000005a61fcc [0x0000000005a55aa0+0xc52c]
J 21999 C1 net.minecraftforge.eventbus.ASMEventHandler_1168_EVRenderer_render_RenderTickEvent.invoke(Lnet/minecraftforge/eventbus/api/Event;)V (9 bytes) @ 0x0000000003cc2964 [0x0000000003cc2800+0x164]
J 21757 C2 net.minecraftforge.eventbus.ASMEventHandler.invoke(Lnet/minecraftforge/eventbus/api/Event;)V (67 bytes) @ 0x00000000045dc064 [0x00000000045dbf80+0xe4]
J 21700 C2 net.minecraftforge.eventbus.EventBus.post(Lnet/minecraftforge/eventbus/api/Event;Lnet/minecraftforge/eventbus/api/IEventBusInvokeDispatcher;)Z (182 bytes) @ 0x00000000057321e0 [0x0000000005732080+0x160]
J 17967 C1 net.minecraft.client.Minecraft.func_195542_b(Z)V (994 bytes) @ 0x0000000005301b34 [0x00000000052fbca0+0x5e94]
j  net.minecraft.client.Minecraft.func_99999_d()V+68
j  net.minecraft.client.main.Main.main([Ljava/lang/String;)V+1379
v  ~StubRoutines::call_stub
j  sun.reflect.NativeMethodAccessorImpl.invoke0(Ljava/lang/reflect/Method;Ljava/lang/Object;[Ljava/lang/Object;)Ljava/lang/Object;+0
j  sun.reflect.NativeMethodAccessorImpl.invoke(Ljava/lang/Object;[Ljava/lang/Object;)Ljava/lang/Object;+100
J 2059 C1 sun.reflect.DelegatingMethodAccessorImpl.invoke(Ljava/lang/Object;[Ljava/lang/Object;)Ljava/lang/Object; (10 bytes) @ 0x000000000301ed0c [0x000000000301ec00+0x10c]
J 2058 C1 java.lang.reflect.Method.invoke(Ljava/lang/Object;[Ljava/lang/Object;)Ljava/lang/Object; (62 bytes) @ 0x000000000301f4ac [0x000000000301f0c0+0x3ec]
j  net.minecraftforge.fml.loading.FMLClientLaunchProvider.lambda$launchService$0(Lcpw/mods/modlauncher/api/ITransformingClassLoader;[Ljava/lang/String;)Ljava/lang/Void;+50
j  net.minecraftforge.fml.loading.FMLClientLaunchProvider$$Lambda$449.call()Ljava/lang/Object;+12
j  cpw.mods.modlauncher.LaunchServiceHandlerDecorator.launch([Ljava/lang/String;Lcpw/mods/modlauncher/api/ITransformingClassLoader;)V+11
j  cpw.mods.modlauncher.LaunchServiceHandler.launch(Ljava/lang/String;[Ljava/lang/String;Lcpw/mods/modlauncher/TransformingClassLoader;Lcpw/mods/modlauncher/LaunchPluginHandler;)V+57
j  cpw.mods.modlauncher.LaunchServiceHandler.launch(Lcpw/mods/modlauncher/ArgumentHandler;Lcpw/mods/modlauncher/TransformingClassLoader;Lcpw/mods/modlauncher/LaunchPluginHandler;)V+19
j  cpw.mods.modlauncher.Launcher.run([Ljava/lang/String;)V+116
j  cpw.mods.modlauncher.Launcher.main([Ljava/lang/String;)V+37
v  ~StubRoutines::call_stub

---------------  P R O C E S S  ---------------

Java Threads: ( => current thread )
  0x0000000073f65000 JavaThread "Worker-Main-21" daemon [_thread_in_native, id=9524, stack(0x0000000084630000,0x0000000084730000)]
  0x0000000073f60800 JavaThread "Worker-Main-20" daemon [_thread_blocked, id=15560, stack(0x0000000084310000,0x0000000084410000)]
  0x0000000073f5f800 JavaThread "Keep-Alive-Timer" daemon [_thread_blocked, id=15916, stack(0x0000000083d80000,0x0000000083e80000)]
  0x000000003860f000 JavaThread "AudioChannelThread-e938cb66-1742-3b32-9c17-c2b8bb0c355a" daemon [_thread_blocked, id=14192, stack(0x0000000084750000,0x0000000084850000)]
  0x0000000043095000 JavaThread "SharedPoolWorker" daemon [_thread_in_native, id=8188, stack(0x0000000083e90000,0x0000000083f90000)]
  0x0000000043094000 JavaThread "SharedPoolWorker" daemon [_thread_in_native, id=9176, stack(0x0000000084000000,0x0000000084100000)]
  0x0000000043093800 JavaThread "AudioChannelThread-30265196-8999-352f-ba45-e880a36cb9bd" daemon [_thread_blocked, id=14856, stack(0x0000000083970000,0x0000000083a70000)]
  0x0000000043092800 JavaThread "MicrophoneThread" daemon [_thread_blocked, id=14360, stack(0x0000000083b80000,0x0000000083c80000)]
  0x0000000043088800 JavaThread "Java Sound Event Dispatcher" daemon [_thread_blocked, id=15888, stack(0x00000000833e0000,0x00000000834e0000)]
  0x000000004308f800 JavaThread "Worker-Main-19" daemon [_thread_blocked, id=7916, stack(0x00000000832e0000,0x00000000833e0000)]
  0x000000004308e800 JavaThread "VoiceChatClientThread" daemon [_thread_in_native, id=16324, stack(0x0000000081b10000,0x0000000081c10000)]
  0x000000004308b800 JavaThread "VoiceChatAuthenticationThread" daemon [_thread_blocked, id=12148, stack(0x0000000081a10000,0x0000000081b10000)]
  0x000000004308b000 JavaThread "Thread-49" [_thread_blocked, id=12592, stack(0x0000000081710000,0x0000000081810000)]
  0x000000004308a000 JavaThread "Worker-Cape-18" daemon [_thread_blocked, id=7992, stack(0x000000007f810000,0x000000007f910000)]
  0x000000004308d000 JavaThread "HttpPipelineReceiver" daemon [_thread_in_native, id=7000, stack(0x0000000081610000,0x0000000081710000)]
  0x0000000043086800 JavaThread "HttpPipelineSender" daemon [_thread_blocked, id=5400, stack(0x0000000081510000,0x0000000081610000)]
  0x0000000043089800 JavaThread "Thread-48" [_thread_blocked, id=15456, stack(0x0000000081410000,0x0000000081510000)]
  0x00000000330b6800 JavaThread "ForkJoinPool.commonPool-worker-12" daemon [_thread_blocked, id=8040, stack(0x0000000081310000,0x0000000081410000)]
  0x0000000036ecc800 JavaThread "ForkJoinPool.commonPool-worker-3" daemon [_thread_blocked, id=1408, stack(0x0000000081210000,0x0000000081310000)]
  0x0000000036ed0800 JavaThread "ForkJoinPool.commonPool-worker-10" daemon [_thread_blocked, id=2028, stack(0x0000000081110000,0x0000000081210000)]
  0x00000000358cd800 JavaThread "ForkJoinPool.commonPool-worker-1" daemon [_thread_blocked, id=10900, stack(0x0000000081010000,0x0000000081110000)]
  0x00000000358d0800 JavaThread "ForkJoinPool.commonPool-worker-8" daemon [_thread_blocked, id=14680, stack(0x0000000000210000,0x0000000000310000)]
  0x00000000358d3800 JavaThread "ForkJoinPool.commonPool-worker-15" daemon [_thread_blocked, id=6184, stack(0x0000000000110000,0x0000000000210000)]
  0x00000000358d1800 JavaThread "ForkJoinPool.commonPool-worker-6" daemon [_thread_blocked, id=15756, stack(0x0000000000010000,0x0000000000110000)]
  0x000000003490a800 JavaThread "ForkJoinPool.commonPool-worker-13" daemon [_thread_blocked, id=12848, stack(0x000000007f610000,0x000000007f710000)]
  0x0000000034911000 JavaThread "ForkJoinPool.commonPool-worker-4" daemon [_thread_blocked, id=5248, stack(0x000000006eb20000,0x000000006ec20000)]
  0x0000000034902000 JavaThread "ForkJoinPool.commonPool-worker-11" daemon [_thread_blocked, id=8608, stack(0x0000000042960000,0x0000000042a60000)]
  0x0000000034909000 JavaThread "ForkJoinPool.commonPool-worker-2" daemon [_thread_blocked, id=4192, stack(0x0000000033a30000,0x0000000033b30000)]
  0x00000000330b9800 JavaThread "pool-5-thread-2" [_thread_blocked, id=12676, stack(0x000000007fa00000,0x000000007fb00000)]
  0x00000000330b7800 JavaThread "pool-5-thread-1" [_thread_blocked, id=9124, stack(0x000000003ce90000,0x000000003cf90000)]
  0x00000000330b4800 JavaThread "Sound engine" daemon [_thread_blocked, id=13420, stack(0x000000007f710000,0x000000007f810000)]
  0x00000000358d0000 JavaThread "Worker-Cape-17" daemon [_thread_blocked, id=15260, stack(0x000000003f960000,0x000000003fa60000)]
  0x000000003490c000 JavaThread "Netty Client IO #1" daemon [_thread_in_native, id=16376, stack(0x000000006ce50000,0x000000006cf50000)]
  0x0000000034903800 JavaThread "Netty Client IO #0" daemon [_thread_in_native, id=14492, stack(0x0000000052380000,0x0000000052480000)]
  0x0000000034906000 JavaThread "ObjectCleanerThread" daemon [_thread_blocked, id=1804, stack(0x000000003df00000,0x000000003e000000)]
  0x0000000036ecd800 JavaThread "Thread-42" daemon [_thread_in_native, id=10540, stack(0x0000000040230000,0x0000000040330000)]
  0x0000000036ed2800 JavaThread "Server Pinger #0" daemon [_thread_blocked, id=2916, stack(0x000000003ff20000,0x0000000040020000)]
  0x0000000036ed4000 JavaThread "Worker-Main-16" daemon [_thread_in_native, id=9028, stack(0x000000003e400000,0x000000003e500000)]
  0x0000000036ecf800 JavaThread "SoundControl Sound Processor" daemon [_thread_blocked, id=13168, stack(0x0000000070510000,0x0000000070610000)]
  0x0000000036ecb000 JavaThread "Thread-35" daemon [_thread_blocked, id=5332, stack(0x0000000059f00000,0x000000005a000000)]
  0x0000000038608800 JavaThread "Thread-33" daemon [_thread_blocked, id=15544, stack(0x0000000055390000,0x0000000055490000)]
  0x000000003860e800 JavaThread "DiscordRP Timer" daemon [_thread_blocked, id=14564, stack(0x0000000055290000,0x0000000055390000)]
  0x000000003860d800 JavaThread "Thread-30" daemon [_thread_in_native, id=10320, stack(0x0000000055090000,0x0000000055190000)]
  0x000000003860d000 JavaThread "Thread-29" daemon [_thread_in_native, id=12260, stack(0x0000000054f90000,0x0000000055090000)]
  0x0000000038605800 JavaThread "Thread-28" daemon [_thread_in_native, id=9164, stack(0x0000000054e90000,0x0000000054f90000)]
  0x000000003860c000 JavaThread "Thread-27" daemon [_thread_in_native, id=9960, stack(0x0000000054d90000,0x0000000054e90000)]
  0x000000003860b800 JavaThread "Thread-26" daemon [_thread_in_native, id=3572, stack(0x0000000054c90000,0x0000000054d90000)]
  0x000000003860a800 JavaThread "Thread-25" daemon [_thread_in_native, id=10860, stack(0x0000000054b90000,0x0000000054c90000)]
  0x0000000038607000 JavaThread "Thread-24" daemon [_thread_in_native, id=15268, stack(0x0000000054a90000,0x0000000054b90000)]
  0x0000000038607800 JavaThread "Thread-23" daemon [_thread_in_native, id=14828, stack(0x0000000054990000,0x0000000054a90000)]
  0x0000000038603000 JavaThread "Thread-22" daemon [_thread_in_native, id=14452, stack(0x0000000054890000,0x0000000054990000)]
  0x0000000038609000 JavaThread "Thread-21" daemon [_thread_in_native, id=14532, stack(0x0000000054790000,0x0000000054890000)]
  0x0000000038604800 JavaThread "Thread-20" daemon [_thread_in_native, id=7196, stack(0x0000000054690000,0x0000000054790000)]
  0x000000003860a000 JavaThread "Thread-19" daemon [_thread_in_native, id=15864, stack(0x0000000054590000,0x0000000054690000)]
  0x0000000038606000 JavaThread "Thread-18" daemon [_thread_in_native, id=7144, stack(0x0000000054490000,0x0000000054590000)]
  0x0000000038604000 JavaThread "Thread-17" daemon [_thread_in_native, id=16216, stack(0x0000000054010000,0x0000000054110000)]
  0x0000000034910800 JavaThread "Java2D Disposer" daemon [_thread_blocked, id=6740, stack(0x000000004e190000,0x000000004e290000)]
  0x00000000330ba800 JavaThread "Thread-15" daemon [_thread_in_native, id=15528, stack(0x000000004dc20000,0x000000004dd20000)]
  0x00000000330b9000 JavaThread "Thread-14" daemon [_thread_in_native, id=15852, stack(0x000000004d750000,0x000000004d850000)]
  0x00000000330b8000 JavaThread "Thread-13" daemon [_thread_in_native, id=14460, stack(0x000000004cdf0000,0x000000004cef0000)]
  0x00000000330b5000 JavaThread "Thread-12" daemon [_thread_in_native, id=7656, stack(0x000000004c2d0000,0x000000004c3d0000)]
  0x000000003490f000 JavaThread "Narrator" daemon [_thread_blocked, id=6340, stack(0x000000003ef60000,0x000000003f060000)]
  0x000000003490d800 JavaThread "Thread-7" daemon [_thread_blocked, id=15132, stack(0x000000003f060000,0x000000003f160000)]
  0x0000000034909800 JavaThread "modloading-worker-13" daemon [_thread_blocked, id=15000, stack(0x000000003e100000,0x000000003e200000)]
  0x0000000034906800 JavaThread "modloading-worker-9" daemon [_thread_blocked, id=8012, stack(0x0000000030bf0000,0x0000000030cf0000)]
  0x0000000034908000 JavaThread "Snooper Timer" daemon [_thread_blocked, id=1164, stack(0x0000000039c70000,0x0000000039d70000)]
  0x0000000034907800 JavaThread "Timer hack thread" daemon [_thread_blocked, id=2068, stack(0x00000000306d0000,0x00000000307d0000)]
  0x00000000358cd000 JavaThread "Thread-4" [_thread_in_native, id=14008, stack(0x000000003a120000,0x000000003a220000)]
  0x0000000024d1e000 JavaThread "Thread-2" daemon [_thread_in_native, id=14976, stack(0x0000000026870000,0x0000000026970000)]
  0x0000000024d21800 JavaThread "Thread-1" daemon [_thread_blocked, id=14972, stack(0x0000000026770000,0x0000000026870000)]
  0x000000002287a000 JavaThread "Service Thread" daemon [_thread_blocked, id=9788, stack(0x0000000024160000,0x0000000024260000)]
  0x0000000022878000 JavaThread "C1 CompilerThread3" daemon [_thread_blocked, id=12736, stack(0x0000000024060000,0x0000000024160000)]
  0x0000000022877800 JavaThread "C2 CompilerThread2" daemon [_thread_blocked, id=10300, stack(0x0000000023f60000,0x0000000024060000)]
  0x0000000022874800 JavaThread "C2 CompilerThread1" daemon [_thread_in_native, id=12152, stack(0x0000000023e60000,0x0000000023f60000)]
  0x0000000022818000 JavaThread "C2 CompilerThread0" daemon [_thread_blocked, id=6344, stack(0x0000000023d60000,0x0000000023e60000)]
  0x0000000022812800 JavaThread "Attach Listener" daemon [_thread_blocked, id=15720, stack(0x0000000023c60000,0x0000000023d60000)]
  0x000000002280f800 JavaThread "Signal Dispatcher" daemon [_thread_blocked, id=16300, stack(0x0000000023b60000,0x0000000023c60000)]
  0x000000002113f000 JavaThread "Finalizer" daemon [_thread_blocked, id=15328, stack(0x0000000023a60000,0x0000000023b60000)]
  0x0000000021138000 JavaThread "Reference Handler" daemon [_thread_blocked, id=6644, stack(0x0000000023960000,0x0000000023a60000)]
=>0x0000000002884800 JavaThread "Render thread" [_thread_in_native, id=9004, stack(0x00000000026b0000,0x00000000027b0000)]

Other Threads:
  0x00000000227e2800 VMThread [stack: 0x0000000023860000,0x0000000023960000] [id=8288]
  0x000000002287f000 WatcherThread [stack: 0x0000000024260000,0x0000000024360000] [id=16116]

VM state:not at safepoint (normal execution)

VM Mutex/Monitor currently owned by a thread:  ([mutex/lock_event])
[0x000000000287ebf0] CodeCache_lock - owner thread: 0x0000000022878000
[0x0000000002882ce0] Compile_lock - owner thread: 0x0000000022878000
[0x00000000028835e0] MethodCompileQueue_lock - owner thread: 0x0000000022878000

Heap:
 PSYoungGen      total 1855488K, used 696778K [0x0000000740000000, 0x00000007c0000000, 0x00000007c0000000)
  eden space 1618432K, 32% used [0x0000000740000000,0x000000075fcdff40,0x00000007a2c80000)
  from space 237056K, 74% used [0x00000007b1400000,0x00000007bbf928c8,0x00000007bfb80000)
  to   space 237056K, 0% used [0x00000007a2c80000,0x00000007a2c80000,0x00000007b1400000)
 ParOldGen       total 1226240K, used 1060776K [0x0000000640000000, 0x000000068ad80000, 0x0000000740000000)
  object space 1226240K, 86% used [0x0000000640000000,0x0000000680bea2d8,0x000000068ad80000)
 Metaspace       used 182307K, capacity 208652K, committed 208840K, reserved 1220608K
  class space    used 31223K, capacity 38276K, committed 38344K, reserved 1048576K

Card table byte_map: [0x0000000011d40000,0x0000000012950000] byte_map_base: 0x000000000eb40000

Marking Bits: (ParMarkBitMap*) 0x0000000065964040
 Begin Bits: [0x0000000013b50000, 0x0000000019b50000)
 End Bits:   [0x0000000019b50000, 0x000000001fb50000)

Polling page: 0x0000000000d40000

CodeCache: size=245760Kb used=65222Kb max_used=65231Kb free=180537Kb
 bounds [0x0000000002980000, 0x0000000006990000, 0x0000000011980000]
 total_blobs=22871 nmethods=20712 adapters=2068
 compilation: enabled

Compilation events (10 events):
Event: 145.626 Thread 0x0000000022878000 29065       3       java.nio.ByteBuffer::order (48 bytes)
Event: 145.627 Thread 0x0000000022878000 nmethod 29065 0x0000000006977b10 code [0x0000000006977c80, 0x0000000006977f10]
Event: 145.627 Thread 0x0000000022878000 29066       3       net.minecraft.client.gui.FontRenderer::func_228078_a_ (48 bytes)
Event: 145.627 Thread 0x0000000022878000 nmethod 29066 0x0000000006977fd0 code [0x0000000006978200, 0x0000000006978d78]
Event: 145.630 Thread 0x0000000022878000 29067       3       net.minecraft.util.JSONUtils::func_151201_f (19 bytes)
Event: 145.631 Thread 0x0000000022878000 nmethod 29067 0x000000000697ea10 code [0x000000000697ec20, 0x000000000697fb18]
Event: 145.631 Thread 0x0000000022878000 29068       3       org.lwjgl.system.MemoryUtil::memSet (238 bytes)
Event: 145.631 Thread 0x0000000022877800 nmethod 29023 0x0000000006980050 code [0x00000000069802a0, 0x0000000006982ab0]
Event: 145.631 Thread 0x0000000022877800 29053       4       com.google.gson.stream.JsonWriter::writeDeferredName (25 bytes)
Event: 145.631 Thread 0x0000000022878000 nmethod 29068 0x000000000697de10 code [0x000000000697dfc0, 0x000000000697e688]

GC Heap History (10 events):
Event: 101.577 GC heap before
{Heap before GC invocations=86 (full 6):
 PSYoungGen      total 1835008K, used 1761493K [0x0000000740000000, 0x00000007c0000000, 0x00000007c0000000)
  eden space 1594880K, 100% used [0x0000000740000000,0x00000007a1580000,0x00000007a1580000)
  from space 240128K, 69% used [0x00000007a1580000,0x00000007ab835740,0x00000007b0000000)
  to   space 233984K, 0% used [0x00000007b1b80000,0x00000007b1b80000,0x00000007c0000000)
 ParOldGen       total 1226240K, used 903361K [0x0000000640000000, 0x000000068ad80000, 0x0000000740000000)
  object space 1226240K, 73% used [0x0000000640000000,0x00000006772304b0,0x000000068ad80000)
 Metaspace       used 161816K, capacity 183348K, committed 183496K, reserved 1198080K
  class space    used 28253K, capacity 34390K, committed 34504K, reserved 1048576K
Event: 101.634 GC heap after
Heap after GC invocations=86 (full 6):
 PSYoungGen      total 1849856K, used 140110K [0x0000000740000000, 0x00000007bf900000, 0x00000007c0000000)
  eden space 1623040K, 0% used [0x0000000740000000,0x0000000740000000,0x00000007a3100000)
  from space 226816K, 61% used [0x00000007b1b80000,0x00000007ba453810,0x00000007bf900000)
  to   space 233472K, 0% used [0x00000007a3100000,0x00000007a3100000,0x00000007b1500000)
 ParOldGen       total 1226240K, used 929886K [0x0000000640000000, 0x000000068ad80000, 0x0000000740000000)
  object space 1226240K, 75% used [0x0000000640000000,0x0000000678c17bc8,0x000000068ad80000)
 Metaspace       used 161816K, capacity 183348K, committed 183496K, reserved 1198080K
  class space    used 28253K, capacity 34390K, committed 34504K, reserved 1048576K
}
Event: 136.500 GC heap before
{Heap before GC invocations=87 (full 6):
 PSYoungGen      total 1849856K, used 1763150K [0x0000000740000000, 0x00000007bf900000, 0x00000007c0000000)
  eden space 1623040K, 100% used [0x0000000740000000,0x00000007a3100000,0x00000007a3100000)
  from space 226816K, 61% used [0x00000007b1b80000,0x00000007ba453810,0x00000007bf900000)
  to   space 233472K, 0% used [0x00000007a3100000,0x00000007a3100000,0x00000007b1500000)
 ParOldGen       total 1226240K, used 929886K [0x0000000640000000, 0x000000068ad80000, 0x0000000740000000)
  object space 1226240K, 75% used [0x0000000640000000,0x0000000678c17bc8,0x000000068ad80000)
 Metaspace       used 169470K, capacity 191984K, committed 192200K, reserved 1206272K
  class space    used 29312K, capacity 35670K, committed 35784K, reserved 1048576K
Event: 136.572 GC heap after
Heap after GC invocations=87 (full 6):
 PSYoungGen      total 1856512K, used 99264K [0x0000000740000000, 0x00000007c0000000, 0x00000007c0000000)
  eden space 1623040K, 0% used [0x0000000740000000,0x0000000740000000,0x00000007a3100000)
  from space 233472K, 42% used [0x00000007a3100000,0x00000007a91f0018,0x00000007b1500000)
  to   space 238592K, 0% used [0x00000007b1700000,0x00000007b1700000,0x00000007c0000000)
 ParOldGen       total 1226240K, used 1006233K [0x0000000640000000, 0x000000068ad80000, 0x0000000740000000)
  object space 1226240K, 82% used [0x0000000640000000,0x000000067d6a6408,0x000000068ad80000)
 Metaspace       used 169470K, capacity 191984K, committed 192200K, reserved 1206272K
  class space    used 29312K, capacity 35670K, committed 35784K, reserved 1048576K
}
Event: 138.981 GC heap before
{Heap before GC invocations=88 (full 6):
 PSYoungGen      total 1856512K, used 1722304K [0x0000000740000000, 0x00000007c0000000, 0x00000007c0000000)
  eden space 1623040K, 100% used [0x0000000740000000,0x00000007a3100000,0x00000007a3100000)
  from space 233472K, 42% used [0x00000007a3100000,0x00000007a91f0018,0x00000007b1500000)
  to   space 238592K, 0% used [0x00000007b1700000,0x00000007b1700000,0x00000007c0000000)
 ParOldGen       total 1226240K, used 1006233K [0x0000000640000000, 0x000000068ad80000, 0x0000000740000000)
  object space 1226240K, 82% used [0x0000000640000000,0x000000067d6a6408,0x000000068ad80000)
 Metaspace       used 172448K, capacity 195942K, committed 196040K, reserved 1208320K
  class space    used 29763K, capacity 36284K, committed 36296K, reserved 1048576K
Event: 139.059 GC heap after
Heap after GC invocations=88 (full 6):
 PSYoungGen      total 1855488K, used 106103K [0x0000000740000000, 0x00000007c0000000, 0x00000007c0000000)
  eden space 1616896K, 0% used [0x0000000740000000,0x0000000740000000,0x00000007a2b00000)
  from space 238592K, 44% used [0x00000007b1700000,0x00000007b7e9dd98,0x00000007c0000000)
  to   space 240128K, 0% used [0x00000007a2b00000,0x00000007a2b00000,0x00000007b1580000)
 ParOldGen       total 1226240K, used 1057320K [0x0000000640000000, 0x000000068ad80000, 0x0000000740000000)
  object space 1226240K, 86% used [0x0000000640000000,0x000000068088a290,0x000000068ad80000)
 Metaspace       used 172448K, capacity 195942K, committed 196040K, reserved 1208320K
  class space    used 29763K, capacity 36284K, committed 36296K, reserved 1048576K
}
Event: 140.834 GC heap before
{Heap before GC invocations=89 (full 6):
 PSYoungGen      total 1855488K, used 1722999K [0x0000000740000000, 0x00000007c0000000, 0x00000007c0000000)
  eden space 1616896K, 100% used [0x0000000740000000,0x00000007a2b00000,0x00000007a2b00000)
  from space 238592K, 44% used [0x00000007b1700000,0x00000007b7e9dd98,0x00000007c0000000)
  to   space 240128K, 0% used [0x00000007a2b00000,0x00000007a2b00000,0x00000007b1580000)
 ParOldGen       total 1226240K, used 1057320K [0x0000000640000000, 0x000000068ad80000, 0x0000000740000000)
  object space 1226240K, 86% used [0x0000000640000000,0x000000068088a290,0x000000068ad80000)
 Metaspace       used 173619K, capacity 197426K, committed 197576K, reserved 1210368K
  class space    used 29940K, capacity 36510K, committed 36552K, reserved 1048576K
Event: 140.883 GC heap after
Heap after GC invocations=89 (full 6):
 PSYoungGen      total 1743360K, used 126402K [0x0000000740000000, 0x00000007bfb80000, 0x00000007c0000000)
  eden space 1616896K, 0% used [0x0000000740000000,0x0000000740000000,0x00000007a2b00000)
  from space 126464K, 99% used [0x00000007a2b00000,0x00000007aa670890,0x00000007aa680000)
  to   space 237056K, 0% used [0x00000007b1400000,0x00000007b1400000,0x00000007bfb80000)
 ParOldGen       total 1226240K, used 1057376K [0x0000000640000000, 0x000000068ad80000, 0x0000000740000000)
  object space 1226240K, 86% used [0x0000000640000000,0x0000000680898290,0x000000068ad80000)
 Metaspace       used 173619K, capacity 197426K, committed 197576K, reserved 1210368K
  class space    used 29940K, capacity 36510K, committed 36552K, reserved 1048576K
}
Event: 143.952 GC heap before
{Heap before GC invocations=90 (full 6):
 PSYoungGen      total 1743360K, used 1743298K [0x0000000740000000, 0x00000007bfb80000, 0x00000007c0000000)
  eden space 1616896K, 100% used [0x0000000740000000,0x00000007a2b00000,0x00000007a2b00000)
  from space 126464K, 99% used [0x00000007a2b00000,0x00000007aa670890,0x00000007aa680000)
  to   space 237056K, 0% used [0x00000007b1400000,0x00000007b1400000,0x00000007bfb80000)
 ParOldGen       total 1226240K, used 1057376K [0x0000000640000000, 0x000000068ad80000, 0x0000000740000000)
  object space 1226240K, 86% used [0x0000000640000000,0x0000000680898290,0x000000068ad80000)
 Metaspace       used 176846K, capacity 201524K, committed 201800K, reserved 1214464K
  class space    used 30374K, capacity 37160K, committed 37192K, reserved 1048576K
Event: 144.030 GC heap after
Heap after GC invocations=90 (full 6):
 PSYoungGen      total 1855488K, used 175690K [0x0000000740000000, 0x00000007c0000000, 0x00000007c0000000)
  eden space 1618432K, 0% used [0x0000000740000000,0x0000000740000000,0x00000007a2c80000)
  from space 237056K, 74% used [0x00000007b1400000,0x00000007bbf928c8,0x00000007bfb80000)
  to   space 237056K, 0% used [0x00000007a2c80000,0x00000007a2c80000,0x00000007b1400000)
 ParOldGen       total 1226240K, used 1060776K [0x0000000640000000, 0x000000068ad80000, 0x0000000740000000)
  object space 1226240K, 86% used [0x0000000640000000,0x0000000680bea2d8,0x000000068ad80000)
 Metaspace       used 176846K, capacity 201524K, committed 201800K, reserved 1214464K
  class space    used 30374K, capacity 37160K, committed 37192K, reserved 1048576K
}

Deoptimization events (10 events):
Event: 145.557 Thread 0x0000000002884800 Uncommon trap: reason=class_check action=maybe_recompile pc=0x0000000003f2bb40 method=net.minecraft.client.renderer.IRenderTypeBuffer$Impl.<init>(Lnet/minecraft/client/renderer/BufferBuilder;Ljava/util/Map;)V @ 47
Event: 145.558 Thread 0x0000000002884800 Uncommon trap: reason=class_check action=maybe_recompile pc=0x0000000003f2bb40 method=net.minecraft.client.renderer.IRenderTypeBuffer$Impl.<init>(Lnet/minecraft/client/renderer/BufferBuilder;Ljava/util/Map;)V @ 47
Event: 145.558 Thread 0x0000000002884800 Uncommon trap: reason=class_check action=maybe_recompile pc=0x0000000003f2bb40 method=net.minecraft.client.renderer.IRenderTypeBuffer$Impl.<init>(Lnet/minecraft/client/renderer/BufferBuilder;Ljava/util/Map;)V @ 47
Event: 145.567 Thread 0x0000000002884800 Uncommon trap: reason=unstable_if action=reinterpret pc=0x000000000529e030 method=net.minecraft.client.renderer.model.BakedQuad.getQuadEmissive()Lnet/minecraft/client/renderer/model/BakedQuad; @ 4
Event: 145.570 Thread 0x0000000002884800 Uncommon trap: reason=unstable_if action=reinterpret pc=0x0000000006079b10 method=net.minecraftforge.eventbus.EventBus.lambda$passCancelled$9(ZLnet/minecraftforge/eventbus/api/Event;)Z @ 1
Event: 145.576 Thread 0x0000000002884800 Uncommon trap: reason=bimorphic action=maybe_recompile pc=0x000000000318b548 method=net.minecraft.resources.SimpleResource.func_199028_a(Lnet/minecraft/resources/data/IMetadataSectionSerializer;)Ljava/lang/Object; @ 84
Event: 145.609 Thread 0x0000000036ed4000 Uncommon trap: reason=class_check action=maybe_recompile pc=0x000000000548c838 method=com.google.common.collect.AbstractMapBasedMultimap.wrapCollection(Ljava/lang/Object;Ljava/util/Collection;)Ljava/util/Collection; @ 58
Event: 145.609 Thread 0x0000000036ed4000 Uncommon trap: reason=class_check action=maybe_recompile pc=0x000000000548f23c method=com.google.common.collect.AbstractMapBasedMultimap.iteratorOrListIterator(Ljava/util/Collection;)Ljava/util/Iterator; @ 20
Event: 145.609 Thread 0x0000000036ed4000 Uncommon trap: reason=bimorphic action=maybe_recompile pc=0x000000000549017c method=com.google.common.collect.AbstractMapBasedMultimap$WrappedCollection$WrappedIterator.hasNext()Z @ 8
Event: 145.628 Thread 0x0000000002884800 Uncommon trap: reason=unstable_if action=reinterpret pc=0x0000000005c5fbac method=team.creative.enhancedvisuals.api.type.VisualType.isVisible(Lteam/creative/enhancedvisuals/api/VisualHandler;Lteam/creative/enhancedvisuals/api/Visual;)Z @ 6

Internal exceptions (10 events):
Event: 145.308 Thread 0x0000000002884800 Implicit null exception at 0x0000000004012866 to 0x00000000040129f5
Event: 145.316 Thread 0x0000000002884800 Implicit null exception at 0x0000000006107f89 to 0x0000000006108849
Event: 145.410 Thread 0x0000000043095000 Exception <a 'sun/nio/fs/WindowsException'> (0x00000007595310a8) thrown at [C:\re\workspace\8-2-build-windows-amd64-cygwin\jdk8u51\3951\hotspot\src\share\vm\prims\jni.cpp, line 709]
Event: 145.410 Thread 0x0000000043095000 Exception <a 'sun/nio/fs/WindowsException'> (0x0000000759531ca8) thrown at [C:\re\workspace\8-2-build-windows-amd64-cygwin\jdk8u51\3951\hotspot\src\share\vm\prims\jni.cpp, line 709]
Event: 145.413 Thread 0x0000000043094000 Exception <a 'sun/nio/fs/WindowsException'> (0x000000075921a168) thrown at [C:\re\workspace\8-2-build-windows-amd64-cygwin\jdk8u51\3951\hotspot\src\share\vm\prims\jni.cpp, line 709]
Event: 145.413 Thread 0x0000000043094000 Exception <a 'sun/nio/fs/WindowsException'> (0x000000075921ad68) thrown at [C:\re\workspace\8-2-build-windows-amd64-cygwin\jdk8u51\3951\hotspot\src\share\vm\prims\jni.cpp, line 709]
Event: 145.421 Thread 0x0000000043095000 Exception <a 'java/lang/NoSuchMethodError': java.lang.Object.lambda$toRunnable$0(Ljava/util/function/Consumer;)V> (0x0000000759600ff8) thrown at [C:\re\workspace\8-2-build-windows-amd64-cygwin\jdk8u51\3951\hotspot\src\share\vm\interpreter\linkResolver.cpp,ú6³Lu-b@
Event: 145.421 Thread 0x0000000043094000 Exception <a 'java/lang/NoSuchMethodError': java.lang.Object.lambda$toRunnable$0(Ljava/util/function/Consumer;)V> (0x00000007592a24a0) thrown at [C:\re\workspace\8-2-build-windows-amd64-cygwin\jdk8u51\3951\hotspot\src\share\vm\interpreter\linkResolver.cpp,>Þ²^/b@
Event: 145.480 Thread 0x0000000036ed4000 Implicit null exception at 0x00000000068d8629 to 0x00000000068d96c9
Event: 145.578 Thread 0x0000000043095000 Exception <a 'java/lang/NoSuchMethodError': java.lang.Object.lambda$andThen$14(Ljava/util/function/Consumer;Ljava/lang/Object;)V> (0x00000007596c2fe8) thrown at [C:\re\workspace\8-2-build-windows-amd64-cygwin\jdk8u51\3951\hotspot\src\share\vm\interpreter\lµ œÞ)b@

Events (10 events):
Event: 145.618 loading class mezz/jei/util/MathUtil$Rectangle2dCropper done
Event: 145.628 loading class com/mojang/blaze3d/matrix/MatrixStack
Event: 145.628 loading class com/mojang/blaze3d/matrix/MatrixStack done
Event: 145.628 loading class mekanism/common/lib/radiation/capability/IRadiationEntity
Event: 145.628 loading class mekanism/common/lib/radiation/capability/IRadiationEntity done
Event: 145.628 loading class mekanism/client/render/RenderTickHandler
Event: 145.628 loading class mekanism/client/render/RenderTickHandler done
Event: 145.628 Thread 0x0000000002884800 Uncommon trap: trap_request=0xffffff65 fr.pc=0x0000000005c5fbac
Event: 145.628 Thread 0x0000000002884800 DEOPT PACKING pc=0x0000000005c5fbac sp=0x00000000027adc90
Event: 145.628 Thread 0x0000000002884800 DEOPT UNPACKING pc=0x00000000029c582a sp=0x00000000027adc10 mode 2


Dynamic libraries:
0x00007ff762c20000 - 0x00007ff762c57000 	C:\Users\Rush\Twitch\Minecraft\Install\runtime\jre-legacy\windows-x64\jre-legacy\bin\javaw.exe
0x00007ffdfd330000 - 0x00007ffdfd525000 	C:\Windows\SYSTEM32\ntdll.dll
0x00007ffdfc190000 - 0x00007ffdfc24d000 	C:\Windows\System32\KERNEL32.DLL
0x00007ffdfb0c0000 - 0x00007ffdfb389000 	C:\Windows\System32\KERNELBASE.dll
0x00007ffdfc5b0000 - 0x00007ffdfc65c000 	C:\Windows\System32\ADVAPI32.dll
0x00007ffdfc250000 - 0x00007ffdfc2ee000 	C:\Windows\System32\msvcrt.dll
0x00007ffdfb490000 - 0x00007ffdfb52b000 	C:\Windows\System32\sechost.dll
0x00007ffdfd160000 - 0x00007ffdfd28a000 	C:\Windows\System32\RPCRT4.dll
0x00007ffdfcf90000 - 0x00007ffdfd130000 	C:\Windows\System32\USER32.dll
0x00007ffdfad00000 - 0x00007ffdfad22000 	C:\Windows\System32\win32u.dll
0x00007ffdfd130000 - 0x00007ffdfd15a000 	C:\Windows\System32\GDI32.dll
0x00007ffdfaee0000 - 0x00007ffdfafeb000 	C:\Windows\System32\gdi32full.dll
0x00007ffdfb020000 - 0x00007ffdfb0bd000 	C:\Windows\System32\msvcp_win.dll
0x00007ffdfac00000 - 0x00007ffdfad00000 	C:\Windows\System32\ucrtbase.dll
0x00007ffde5550000 - 0x00007ffde57ea000 	C:\Windows\WinSxS\amd64_microsoft.windows.common-controls_6595b64144ccf1df_6.0.19041.1110_none_60b5254171f9507e\COMCTL32.dll
0x00007ffdfb460000 - 0x00007ffdfb490000 	C:\Windows\System32\IMM32.DLL
0x00000000659f0000 - 0x0000000065ac2000 	C:\Users\Rush\Twitch\Minecraft\Install\runtime\jre-legacy\windows-x64\jre-legacy\bin\msvcr100.dll
0x0000000065160000 - 0x00000000659e3000 	C:\Users\Rush\Twitch\Minecraft\Install\runtime\jre-legacy\windows-x64\jre-legacy\bin\server\jvm.dll
0x00007ffdfb940000 - 0x00007ffdfb948000 	C:\Windows\System32\PSAPI.DLL
0x00007ffdd6de0000 - 0x00007ffdd6de9000 	C:\Windows\SYSTEM32\WSOCK32.dll
0x00007ffdf0780000 - 0x00007ffdf07a7000 	C:\Windows\SYSTEM32\WINMM.dll
0x00007ffdf30e0000 - 0x00007ffdf30ea000 	C:\Windows\SYSTEM32\VERSION.dll
0x00007ffdfce40000 - 0x00007ffdfceab000 	C:\Windows\System32\WS2_32.dll
0x0000000065150000 - 0x000000006515f000 	C:\Users\Rush\Twitch\Minecraft\Install\runtime\jre-legacy\windows-x64\jre-legacy\bin\verify.dll
0x0000000065120000 - 0x0000000065149000 	C:\Users\Rush\Twitch\Minecraft\Install\runtime\jre-legacy\windows-x64\jre-legacy\bin\java.dll
0x0000000065100000 - 0x0000000065116000 	C:\Users\Rush\Twitch\Minecraft\Install\runtime\jre-legacy\windows-x64\jre-legacy\bin\zip.dll
0x00007ffdfb950000 - 0x00007ffdfc08f000 	C:\Windows\System32\SHELL32.dll
0x00007ffdf8b90000 - 0x00007ffdf9320000 	C:\Windows\SYSTEM32\windows.storage.dll
0x00007ffdfb5e0000 - 0x00007ffdfb935000 	C:\Windows\System32\combase.dll
0x00007ffdfa4c0000 - 0x00007ffdfa4ec000 	C:\Windows\SYSTEM32\Wldp.dll
0x00007ffdfc410000 - 0x00007ffdfc4be000 	C:\Windows\System32\SHCORE.dll
0x00007ffdfcf30000 - 0x00007ffdfcf85000 	C:\Windows\System32\shlwapi.dll
0x00007ffdfa9a0000 - 0x00007ffdfa9bf000 	C:\Windows\SYSTEM32\profapi.dll
0x00000000650f0000 - 0x00000000650fd000 	C:\Users\Rush\Twitch\Minecraft\Install\runtime\jre-legacy\windows-x64\jre-legacy\bin\management.dll
0x00000000650d0000 - 0x00000000650ea000 	C:\Users\Rush\Twitch\Minecraft\Install\runtime\jre-legacy\windows-x64\jre-legacy\bin\net.dll
0x00007ffdfa220000 - 0x00007ffdfa28a000 	C:\Windows\system32\mswsock.dll
0x00007ffde5fe0000 - 0x00007ffde5ff7000 	C:\Windows\system32\napinsp.dll
0x00007ffde5c40000 - 0x00007ffde5c5b000 	C:\Windows\system32\pnrpnsp.dll
0x00007ffde5c20000 - 0x00007ffde5c35000 	C:\Windows\system32\wshbth.dll
0x00007ffdf6c10000 - 0x00007ffdf6c2d000 	C:\Windows\system32\NLAapi.dll
0x00007ffdf9ec0000 - 0x00007ffdf9efb000 	C:\Windows\SYSTEM32\IPHLPAPI.DLL
0x00007ffdf9f00000 - 0x00007ffdf9fcc000 	C:\Windows\SYSTEM32\DNSAPI.dll
0x00007ffdfc5a0000 - 0x00007ffdfc5a8000 	C:\Windows\System32\NSI.dll
0x00007ffde5c00000 - 0x00007ffde5c12000 	C:\Windows\System32\winrnr.dll
0x00007ffdf2700000 - 0x00007ffdf270a000 	C:\Windows\System32\rasadhlp.dll
0x00007ffdec7f0000 - 0x00007ffdec86f000 	C:\Windows\System32\fwpuclnt.dll
0x00007ffdfaff0000 - 0x00007ffdfb017000 	C:\Windows\System32\bcrypt.dll
0x00000000650b0000 - 0x00000000650c1000 	C:\Users\Rush\Twitch\Minecraft\Install\runtime\jre-legacy\windows-x64\jre-legacy\bin\nio.dll
0x0000000065080000 - 0x00000000650a4000 	C:\Users\Rush\Twitch\Minecraft\Install\runtime\jre-legacy\windows-x64\jre-legacy\bin\sunec.dll
0x00007ffdfa410000 - 0x00007ffdfa428000 	C:\Windows\SYSTEM32\CRYPTSP.dll
0x00007ffdf9b30000 - 0x00007ffdf9b64000 	C:\Windows\system32\rsaenh.dll
0x00007ffdfa920000 - 0x00007ffdfa94e000 	C:\Windows\SYSTEM32\USERENV.dll
0x00007ffdfab70000 - 0x00007ffdfabf3000 	C:\Windows\System32\bcryptprimitives.dll
0x00007ffdfa430000 - 0x00007ffdfa43c000 	C:\Windows\SYSTEM32\CRYPTBASE.dll
0x00007ffddcbc0000 - 0x00007ffddcc32000 	C:\Users\Rush\Twitch\Minecraft\Install\bin\0fb5-ab80-8244-9da0\lwjgl.dll
0x00007ffd85020000 - 0x00007ffd85271000 	C:\Users\Rush\Twitch\Minecraft\Install\bin\0fb5-ab80-8244-9da0\jemalloc.dll
0x00007ffddcfe0000 - 0x00007ffddd03e000 	C:\Users\Rush\Twitch\Minecraft\Install\bin\0fb5-ab80-8244-9da0\glfw.dll
0x00007ffdf84b0000 - 0x00007ffdf854e000 	C:\Windows\system32\uxtheme.dll
0x00007ffda5870000 - 0x00007ffda58b5000 	C:\Windows\SYSTEM32\dinput8.dll
0x00007ffdf2250000 - 0x00007ffdf2261000 	C:\Windows\SYSTEM32\xinput1_4.dll
0x00007ffdfae90000 - 0x00007ffdfaede000 	C:\Windows\System32\cfgmgr32.dll
0x00007ffdfa800000 - 0x00007ffdfa834000 	C:\Windows\SYSTEM32\DEVOBJ.dll
0x00007ffdf86a0000 - 0x00007ffdf86cf000 	C:\Windows\SYSTEM32\dwmapi.dll
0x00007ffdf09b0000 - 0x00007ffdf0b02000 	C:\Windows\SYSTEM32\inputhost.dll
0x00007ffdfb390000 - 0x00007ffdfb45d000 	C:\Windows\System32\OLEAUT32.dll
0x00007ffdf75a0000 - 0x00007ffdf76f4000 	C:\Windows\SYSTEM32\wintypes.dll
0x00007ffdf7fd0000 - 0x00007ffdf80c2000 	C:\Windows\SYSTEM32\CoreMessaging.dll
0x00007ffdf61f0000 - 0x00007ffdf62e6000 	C:\Windows\SYSTEM32\PROPSYS.dll
0x00007ffdf7c70000 - 0x00007ffdf7fce000 	C:\Windows\SYSTEM32\CoreUIComponents.dll
0x00007ffdf9880000 - 0x00007ffdf98b3000 	C:\Windows\SYSTEM32\ntmarta.dll
0x00007ffdf8990000 - 0x00007ffdf89a2000 	C:\Windows\SYSTEM32\kernel.appcore.dll
0x00007ffdfc2f0000 - 0x00007ffdfc405000 	C:\Windows\System32\MSCTF.dll
0x00007ffdf9320000 - 0x00007ffdf932d000 	C:\Windows\SYSTEM32\HID.DLL
0x00007ffdfc960000 - 0x00007ffdfcdd2000 	C:\Windows\System32\SETUPAPI.DLL
0x00007ffdfab10000 - 0x00007ffdfab70000 	C:\Windows\System32\WINTRUST.dll
0x00007ffdfad30000 - 0x00007ffdfae8f000 	C:\Windows\System32\CRYPT32.dll
0x00007ffdfa640000 - 0x00007ffdfa652000 	C:\Windows\SYSTEM32\MSASN1.dll
0x00007ffda5bf0000 - 0x00007ffda5d15000 	C:\Windows\SYSTEM32\opengl32.dll
0x00007ffda5a10000 - 0x00007ffda5a3c000 	C:\Windows\SYSTEM32\GLU32.dll
0x00007ffdfb530000 - 0x00007ffdfb5d9000 	C:\Windows\System32\clbcatq.dll
0x00007ffda59c0000 - 0x00007ffda59eb000 	C:\Windows\System32\DriverStore\FileRepository\u0369595.inf_amd64_5300d310447c496a\B369498\atig6pxx.dll
0x00007ffd8ba70000 - 0x00007ffd8e8c0000 	C:\Windows\System32\DriverStore\FileRepository\u0369595.inf_amd64_5300d310447c496a\B369498\atio6axx.dll
0x00007ffdfc830000 - 0x00007ffdfc95a000 	C:\Windows\System32\ole32.dll
0x00007ffdab910000 - 0x00007ffdab934000 	C:\Windows\SYSTEM32\dxva2.dll
0x00007ffda5190000 - 0x00007ffda51cc000 	C:\Windows\System32\DriverStore\FileRepository\u0369595.inf_amd64_5300d310447c496a\B369498\atig6txx.dll
0x00007ffda4740000 - 0x00007ffda48f5000 	C:\Windows\SYSTEM32\atiadlxx.dll
0x00007ffdf59c0000 - 0x00007ffdf5a14000 	C:\Windows\SYSTEM32\pdh.dll
0x00007ffdf5270000 - 0x00007ffdf52ab000 	C:\Windows\SYSTEM32\dxcore.dll
0x00007ffddc760000 - 0x00007ffddc7df000 	C:\Users\Rush\Twitch\Minecraft\Install\bin\0fb5-ab80-8244-9da0\lwjgl_stb.dll
0x00007ffdf3130000 - 0x00007ffdf31de000 	C:\Windows\SYSTEM32\mscms.dll
0x00007ffdf3110000 - 0x00007ffdf3121000 	C:\Windows\SYSTEM32\ColorAdapterClient.dll
0x00007ffda87a0000 - 0x00007ffda87e3000 	C:\Windows\SYSTEM32\icm32.dll
0x00007ffdf0b10000 - 0x00007ffdf0c09000 	C:\Windows\SYSTEM32\textinputframework.dll
0x00007ffddca00000 - 0x00007ffddca58000 	C:\Users\Rush\Twitch\Minecraft\Install\bin\0fb5-ab80-8244-9da0\lwjgl_opengl.dll
0x00007ffda5050000 - 0x00007ffda50d0000 	C:\Program Files (x86)\Overwolf\0.174.87.16\OWExplorer.dll
0x00007ffdfc660000 - 0x00007ffdfc67d000 	C:\Windows\System32\imagehlp.dll
0x00007ffd84100000 - 0x00007ffd844f2000 	C:\Program Files (x86)\Overwolf\0.174.87.16\OWClient.dll
0x00007ffda78a0000 - 0x00007ffda7945000 	C:\Program Files (x86)\Overwolf\0.174.87.16\OWUtils.dll
0x00007ffdeb8a0000 - 0x00007ffdeb8c5000 	C:\Users\Rush\AppData\Local\Overwolf\Extensions\ggfmakpbllghoepnmfelddbminamnbmfelbahfdp\177.1.5\plugins\GEPPlugin64.dll
0x00007ffddc6c0000 - 0x00007ffddc756000 	C:\Users\Rush\AppData\Local\Overwolf\Extensions\ggfmakpbllghoepnmfelddbminamnbmfelbahfdp\177.1.5\plugins\64\gep_minecraft.dll
0x00007ffdeb760000 - 0x00007ffdeb79c000 	C:\Users\Rush\AppData\Local\Overwolf\Extensions\ggfmakpbllghoepnmfelddbminamnbmfelbahfdp\177.1.5\plugins\64\libowgameevents64.dll
0x00007ffddcab0000 - 0x00007ffddcaf2000 	C:\Users\Rush\AppData\Local\Temp\jna-2558968\jna4776567221531019496.dll
0x00007ffdeb4c0000 - 0x00007ffdeb4da000 	C:\Users\Rush\Twitch\Minecraft\Install\bin\0fb5-ab80-8244-9da0\SAPIWrapper_x64.dll
0x00007ffd82580000 - 0x00007ffd82706000 	C:\Windows\System32\Speech\Common\sapi.dll
0x00007ffdc4840000 - 0x00007ffdc485e000 	C:\Windows\SYSTEM32\MSACM32.dll
0x00007ffda2c20000 - 0x00007ffda2c2b000 	C:\Windows\SYSTEM32\msdmo.dll
0x00007ffde68e0000 - 0x00007ffde6906000 	C:\Windows\SYSTEM32\winmmbase.dll
0x00007ffdf2a90000 - 0x00007ffdf2b15000 	C:\Windows\System32\MMDevApi.dll
0x0000000064ee0000 - 0x0000000065078000 	C:\Users\Rush\Twitch\Minecraft\Install\runtime\jre-legacy\windows-x64\jre-legacy\bin\awt.dll
0x00007ffdf82e0000 - 0x00007ffdf8370000 	C:\Windows\SYSTEM32\apphelp.dll
0x00007ffde9170000 - 0x00007ffde9284000 	C:\Users\Rush\Twitch\Minecraft\Install\bin\0fb5-ab80-8244-9da0\OpenAL.dll
0x00007ffdf2e00000 - 0x00007ffdf2f81000 	C:\Windows\SYSTEM32\AUDIOSES.DLL
0x00007ffdfa020000 - 0x00007ffdfa06b000 	C:\Windows\SYSTEM32\powrprof.dll
0x00007ffdf9ea0000 - 0x00007ffdf9eb2000 	C:\Windows\SYSTEM32\UMPDC.dll
0x00007ffdf85b0000 - 0x00007ffdf85c4000 	C:\Windows\SYSTEM32\resourcepolicyclient.dll
0x00007ffdf4560000 - 0x00007ffdf457d000 	C:\Windows\SYSTEM32\dhcpcsvc.DLL
0x00007ffdec870000 - 0x00007ffdec91c000 	C:\Windows\SYSTEM32\TextShaping.dll
0x00007ffdf4580000 - 0x00007ffdf4597000 	C:\Windows\SYSTEM32\dhcpcsvc6.DLL
0x0000000081c10000 - 0x0000000081dcd000 	C:\Users\Rush\AppData\Local\Temp\jna-2558968\jna762318129405248352.dll
0x0000000000b70000 - 0x0000000000b7c000 	C:\Users\Rush\Twitch\Minecraft\Install\runtime\jre-legacy\windows-x64\jre-legacy\bin\jsound.dll
0x000000002dfb0000 - 0x000000002dfbb000 	C:\Users\Rush\Twitch\Minecraft\Install\runtime\jre-legacy\windows-x64\jre-legacy\bin\jsoundds.dll
0x00007ffdb8f90000 - 0x00007ffdb902c000 	C:\Windows\SYSTEM32\DSOUND.dll
0x00007ffdbd390000 - 0x00007ffdbd3d6000 	C:\Windows\SYSTEM32\wdmaud.drv
0x00007ffdf4530000 - 0x00007ffdf453a000 	C:\Windows\SYSTEM32\AVRT.dll
0x00007ffdeb660000 - 0x00007ffdeb669000 	C:\Windows\SYSTEM32\ksuser.dll
0x00007ffdc6f30000 - 0x00007ffdc6f3d000 	C:\Windows\SYSTEM32\msacm32.drv
0x00007ffdc6f20000 - 0x00007ffdc6f2b000 	C:\Windows\SYSTEM32\midimap.dll
0x00007ffdf0c10000 - 0x00007ffdf0d51000 	C:\Windows\System32\Windows.UI.dll

VM Arguments:
jvm_args: -XX:HeapDumpPath=MojangTricksIntelDriversForPerformance_javaw.exe_minecraft.exe.heapdump -Dos.name=Windows 10 -Dos.version=10.0 -Xss1M -Djava.library.path=C:\Users\Rush\Twitch\Minecraft\Install\bin\0fb5-ab80-8244-9da0 -Dminecraft.launcher.brand=minecraft-launcher -Dminecraft.launcher.version=2.2.3965 -Xmx6144m -Xms256m -XX:PermSize=256m -Dminecraft.applet.TargetDirectory=C:\Users\Rush\Twitch\Minecraft\Instances\ldoh -Dfml.ignorePatchDiscrepancies=true -Dfml.ignoreInvalidMinecraftCertificates=true -Duser.language=en -Duser.country=US -Dlog4j.configurationFile=C:\Users\Rush\Twitch\Minecraft\Install\assets\log_configs\client-1.12.xml 
java_command: cpw.mods.modlauncher.Launcher --username Rinyte --version forge-36.2.0 --gameDir C:\Users\Rush\Twitch\Minecraft\Instances\ldoh --assetsDir C:\Users\Rush\Twitch\Minecraft\Install\assets --assetIndex 1.16 --uuid 30dbc3c96ce542f389825025a479b15b --accessToken eyJhbGciOiJIUzI1NiJ9.eyJzdWIiOiIyZjdlMjFmNGU0OTA1ZjU0ZmI4MjNjZWE0MDAxZjkxZiIsInlnZ3QiOiJkYWMwNjNlZjlhNDI0YzgyYjRjODE4ZmJmM2RiZTQ1YiIsInNwciI6IjMwZGJjM2M5NmNlNTQyZjM4OTgyNTAyNWE0NzliMTViIiwiaXNzIjoiWWdnZHJhc2lsLUF1dGgiLCJleHAiOjE2Mjg2ODk1NTcsImlhdCI6MTYyODUxNjc1N30.YTXZ1GvJQkEBit_oxteVHHo2-8F2X5lNTb-19Lchpjc --userType mojang --versionType release --width 1024 --height 768 --launchTarget fmlclient --fml.forgeVersion 36.2.0 --fml.mcVersion 1.16.5 --fml.forgeGroup net.minecraftforge --fml.mcpVersion 20210115.111550
java_class_path (initial): C:\Users\Rush\Twitch\Minecraft\Install\libraries\net\minecraftforge\forge\1.16.5-36.2.0\forge-1.16.5-36.2.0.jar;C:\Users\Rush\Twitch\Minecraft\Install\libraries\org\ow2\asm\asm\9.1\asm-9.1.jar;C:\Users\Rush\Twitch\Minecraft\Install\libraries\org\ow2\asm\asm-commons\9.1\asm-commons-9.1.jar;C:\Users\Rush\Twitch\Minecraft\Install\libraries\org\ow2\asm\asm-tree\9.1\asm-tree-9.1.jar;C:\Users\Rush\Twitch\Minecraft\Install\libraries\org\ow2\asm\asm-util\9.1\asm-util-9.1.jar;C:\Users\Rush\Twitch\Minecraft\Install\libraries\org\ow2\asm\asm-analysis\9.1\asm-analysis-9.1.jar;C:\Users\Rush\Twitch\Minecraft\Install\libraries\cpw\mods\modlauncher\8.0.9\modlauncher-8.0.9.jar;C:\Users\Rush\Twitch\Minecraft\Install\libraries\cpw\mods\grossjava9hacks\1.3.3\grossjava9hacks-1.3.3.jar;C:\Users\Rush\Twitch\Minecraft\Install\libraries\net\minecraftforge\accesstransformers\3.0.1\accesstransformers-3.0.1.jar;C:\Users\Rush\Twitch\Minecraft\Install\libraries\org\antlr\antlr4-runtime\4.9.1\antlr4-runtime-4.9.1.jar;C:\Users\Rush\Twitch\Minecraft\Install\libraries\net\minecraftforge\eventbus\4.0.0\eventbus-4.0.0.jar;C:\Users\Rush\Twitch\Minecraft\Install\libraries\net\minecraftforge\forgespi\3.2.0\forgespi-3.2.0.jar;C:\Users\Rush\Twitch\Minecraft\Install\libraries\net\minecraftforge\coremods\4.0.6\coremods-4.0.6.jar;C:\Users\Rush\Twitch\Minecraft\Install\libraries\net\minecraftforge\unsafe\0.2.0\unsafe-0.2.0.jar;C:\Users\Rush\Twitch\Minecraft\Install\libraries\com\electronwill\night-config\core\3.6.3\core-3.6.3.jar;C:\Users\Rush\Twitch\Minecraft\Install\libraries\com\electronwill\night-config\toml\3.6.3\toml-3.6.3.jar;C:\Users\Rush\Twitch\Minecraft\Install\libraries\org\jline\jline\3.12.1\jline-3.12.1.jar;C:\Users\Rush\Twitch\Minecraft\Install\libraries\org\apache\maven\maven-artifact\3.6.3\maven-artifact-3.6.3.jar;C:\Users\Rush\Twitch\Minecraft\Install\libraries\net\jodah\typetools\0.8.3\typetools-0.8.3.jar;C:\Users\Rush\Twitch\Minecraft\Install\libraries\org\apache
Launcher Type: SUN_STANDARD

Environment Variables:
PATH=C:\Program Files\Common Files\Oracle\Java\javapath;C:\Program Files (x86)\Common Files\Oracle\Java\javapath;C:\app;c:\app\bin;C:\Windows\system32;C:\Windows;C:\Windows\System32\Wbem;C:\Windows\System32\WindowsPowerShell\v1.0\;C:\Windows\System32\OpenSSH\;C:\Program Files\PuTTY\;C:\Program Files\Git\cmd;C:\Program Files (x86)\dotnet\;C:\Users\Rush\AppData\Local\Microsoft\WindowsApps;C:\Users\Rush\AppData\Local\GitHubDesktop\bin;C:\Program Files\heroku\bin
USERNAME=Rush
OS=Windows_NT
PROCESSOR_IDENTIFIER=Intel64 Family 6 Model 165 Stepping 3, GenuineIntel



---------------  S Y S T E M  ---------------

OS: Windows 10.0 , 64 bit Build 19041 (10.0.19041.1151)

CPU:total 12 (6 cores per cpu, 2 threads per core) family 6 model 165 stepping 3, cmov, cx8, fxsr, mmx, sse, sse2, sse3, ssse3, sse4.1, sse4.2, popcnt, avx, avx2, aes, clmul, erms, 3dnowpref, lzcnt, ht, tsc, tscinvbit, bmi1, bmi2, adx

Memory: 4k page, physical 16709164k(5085128k free), swap 25622060k(6867192k free)

vm_info: Java HotSpot(TM) 64-Bit Server VM (25.51-b03) for windows-amd64 JRE (1.8.0_51-b16), built on Jun  8 2015 18:03:07 by "java_re" with MS VC++ 10.0 (VS2010)

time: Mon Aug 09 22:03:57 2021
elapsed time: 145 seconds (0d 0h 2m 25s)

